2023-03-27 22:47:53,582 (23411/MainThread) snowflake.cli.common.util_cli DEBUG       util_cli:706  - Initialized logging. Log file '../snowsql_rt.log', Namespaces: ['snowflake.cli', 'snowflake.connector', 'botocore', 'azure', '__main__', 'eventloop', 'sqlexecute']
2023-03-27 22:47:53,583 (23411/MainThread) snowflake.cli.common.util_cli INFO       util_cli:741  - REQUESTS_CA_BUNDLE is already set to /var/folders/nx/j12_90_x7dg085j4zfp0_g840000gn/T/_MEISX7RyW/certifi/cacert.pem
2023-03-27 22:47:53,583 (23411/MainThread) __main__ DEBUG      eventloop:219  - is_terminal: True, is_interactive: True
2023-03-27 22:47:53,583 (23411/MainThread) snowflake.cli.common.config DEBUG         config:87   - Reading cnf: /Users/james/.snowsql/1.2.24/snowsql.cnf
2023-03-27 22:47:53,584 (23411/MainThread) snowflake.cli.common.config DEBUG         config:87   - Reading cnf: /etc/snowsql.cnf
2023-03-27 22:47:53,584 (23411/MainThread) snowflake.cli.common.config DEBUG         config:87   - Reading cnf: /etc/snowflake/snowsql.cnf
2023-03-27 22:47:53,584 (23411/MainThread) snowflake.cli.common.config DEBUG         config:87   - Reading cnf: /usr/local/etc/snowsql.cnf
2023-03-27 22:47:53,584 (23411/MainThread) snowflake.cli.common.config DEBUG         config:87   - Reading cnf: /Users/james/.snowsql.cnf
2023-03-27 22:47:53,584 (23411/MainThread) snowflake.cli.common.config DEBUG         config:87   - Reading cnf: /Users/james/.snowsql/config
2023-03-27 22:47:53,585 (23411/MainThread) __main__ DEBUG      eventloop:362  - [None, 'VENTACITY', None, 'COMPUTE_WH', None, 'jpeskin', None, 'uwa35792', None, None, 'us-west-2', None, 'UBX', None, None, None, None, None, None, None, None, None, None, None, None, None, None, None, None, None, None, None, None]
2023-03-27 22:47:53,585 (23411/MainThread) __main__ DEBUG      eventloop:368  - fallback to config values only if user did not specify a value and sqlexecute is connecting for the first time.
2023-03-27 22:47:53,585 (23411/MainThread) __main__ DEBUG      eventloop:417  - host=None, port: + None
2023-03-27 22:47:53,585 (23411/MainThread) __main__ DEBUG      eventloop:456  - prompting user, password and account if still missing
2023-03-27 22:47:53,585 (23411/MainThread) __main__ DEBUG      eventloop:511  - init sqlexecute
2023-03-27 22:47:53,585 (23411/MainThread) snowflake.cli.sqlexecute DEBUG     sqlexecute:244  - Connection DB Params: database: VENTACITY, warehouse: COMPUTE_WH, user: jpeskin, host: uwa35792.snowflakecomputing.com, port: 443, region: us-west-2, account: uwa35792, protocol: https, schema: UBX, role: -1, ocsp_fail_open: True, insecure_mode: None, proxy_host: None, proxy_port: None, proxy_user: None, authenticator: SNOWFLAKE, session_parameters: {'ABORT_DETACHED_QUERY': False}, login_timeout: 120, client_session_keep_alive: False, disable_request_pooling: None, client_store_temporary_credential: None
2023-03-27 22:47:53,586 (23411/MainThread) snowflake.connector.connection INFO     connection:275  - Snowflake Connector for Python Version: 2.8.0, Python Version: 3.8.1, Platform: macOS-10.16-x86_64-arm-64bit
2023-03-27 22:47:53,586 (23411/MainThread) snowflake.connector.connection DEBUG     connection:520  - connect
2023-03-27 22:47:53,586 (23411/MainThread) snowflake.connector.connection DEBUG     connection:810  - __config
2023-03-27 22:47:53,586 (23411/MainThread) snowflake.connector.connection INFO     connection:934  - This connection is in OCSP Fail Open Mode. TLS Certificates would be checked for validity and revocation status. Any other Certificate Revocation related exceptions or OCSP Responder failures would be disregarded in favor of connectivity.
2023-03-27 22:47:53,586 (23411/MainThread) snowflake.connector.connection INFO     connection:952  - Setting use_openssl_only mode to False
2023-03-27 22:47:53,586 (23411/MainThread) snowflake.connector.converter DEBUG      converter:145  - use_numpy: False
2023-03-27 22:47:53,587 (23411/MainThread) snowflake.connector.connection DEBUG     connection:713  - REST API object was created: uwa35792.snowflakecomputing.com:443
2023-03-27 22:47:53,587 (23411/MainThread) snowflake.connector.auth DEBUG           auth:170  - authenticate
2023-03-27 22:47:53,587 (23411/MainThread) snowflake.connector.auth DEBUG           auth:200  - assertion content: *********
2023-03-27 22:47:53,587 (23411/MainThread) snowflake.connector.auth DEBUG           auth:203  - account=uwa35792, user=jpeskin, database=VENTACITY, schema=UBX, warehouse=COMPUTE_WH, role=-1, request_id=2a164ca3-9a93-4649-ada3-1c3a6a637636
2023-03-27 22:47:53,587 (23411/MainThread) snowflake.connector.auth DEBUG           auth:236  - body['data']: {'CLIENT_APP_ID': 'SnowSQL', 'CLIENT_APP_VERSION': '1.2.24', 'SVN_REVISION': None, 'ACCOUNT_NAME': 'uwa35792', 'LOGIN_NAME': 'jpeskin', 'CLIENT_ENVIRONMENT': {'APPLICATION': 'SnowSQL', 'OS': 'Darwin', 'OS_VERSION': 'macOS-10.16-x86_64-arm-64bit', 'PYTHON_VERSION': '3.8.1', 'PYTHON_RUNTIME': 'CPython', 'PYTHON_COMPILER': 'Clang 6.0 (clang-600.0.57)', 'OCSP_MODE': 'FAIL_OPEN', 'TRACING': 10, 'LOGIN_TIMEOUT': 120, 'NETWORK_TIMEOUT': None}, 'SESSION_PARAMETERS': {'ABORT_DETACHED_QUERY': False, 'AUTOCOMMIT': True, 'CLIENT_SESSION_KEEP_ALIVE': False, 'CLIENT_PREFETCH_THREADS': 4}}
2023-03-27 22:47:53,588 (23411/MainThread) snowflake.connector.auth DEBUG           auth:254  - Timeout set to 120
2023-03-27 22:47:53,588 (23411/MainThread) snowflake.connector.vendored.urllib3.util.retry DEBUG          retry:351  - Converted retries value: 1 -> Retry(total=1, connect=None, read=None, redirect=None, status=None)
2023-03-27 22:47:53,588 (23411/MainThread) snowflake.connector.vendored.urllib3.util.retry DEBUG          retry:351  - Converted retries value: 1 -> Retry(total=1, connect=None, read=None, redirect=None, status=None)
2023-03-27 22:47:53,588 (23411/MainThread) snowflake.connector.network DEBUG        network:1147 - Session status for SessionPool 'uwa35792.snowflakecomputing.com', SessionPool 1/1 active sessions
2023-03-27 22:47:53,588 (23411/MainThread) snowflake.connector.network DEBUG        network:827  - remaining request timeout: 120, retry cnt: 1
2023-03-27 22:47:53,589 (23411/MainThread) snowflake.connector.network DEBUG        network:808  - Request guid: 282fe992-09c9-476e-823c-7ed07f4ef010
2023-03-27 22:47:53,589 (23411/MainThread) snowflake.connector.network DEBUG        network:1006 - socket timeout: 60
2023-03-27 22:47:53,690 (23411/MainThread) snowflake.connector.vendored.urllib3.connectionpool DEBUG connectionpool:1003 - Starting new HTTPS connection (1): uwa35792.snowflakecomputing.com:443
2023-03-27 22:47:53,890 (23411/MainThread) snowflake.connector.cache DEBUG          cache:490  - acquiring /Users/james/Library/Caches/Snowflake/ocsp_cache.lock timed out, skipping saving...
2023-03-27 22:47:53,892 (23411/MainThread) snowflake.connector.ocsp_snowflake DEBUG ocsp_snowflake:515  - cache directory: /Users/james/Library/Caches/Snowflake
2023-03-27 22:47:53,953 (23411/MainThread) snowflake.connector.ssl_wrap_socket DEBUG ssl_wrap_socket:80   - OCSP Mode: FAIL_OPEN, OCSP response cache file name: None
2023-03-27 22:47:53,953 (23411/MainThread) snowflake.connector.ocsp_snowflake DEBUG ocsp_snowflake:557  - ocsp_response_cache_uri: file:///Users/james/Library/Caches/Snowflake/ocsp_response_cache.json
2023-03-27 22:47:53,953 (23411/MainThread) snowflake.connector.ocsp_snowflake DEBUG ocsp_snowflake:558  - OCSP_VALIDATION_CACHE size: 0
2023-03-27 22:47:53,953 (23411/MainThread) snowflake.connector.ocsp_snowflake DEBUG ocsp_snowflake:340  - OCSP response cache server is enabled: http://ocsp.snowflakecomputing.com/ocsp_response_cache.json
2023-03-27 22:47:53,953 (23411/MainThread) snowflake.connector.ocsp_snowflake DEBUG ocsp_snowflake:376  - OCSP dynamic cache server RETRY URL: None
2023-03-27 22:47:53,956 (23411/MainThread) snowflake.connector.ocsp_asn1crypto DEBUG ocsp_asn1crypto:238  - Verifying the attached certificate is signed by the issuer. Valid Not After: 2025-09-15 19:41:06+00:00
2023-03-27 22:47:53,957 (23411/MainThread) snowflake.connector.ocsp_asn1crypto DEBUG ocsp_asn1crypto:238  - Verifying the attached certificate is signed by the issuer. Valid Not After: 2025-09-15 19:45:34+00:00
2023-03-27 22:47:53,959 (23411/MainThread) snowflake.connector.ocsp_asn1crypto DEBUG ocsp_asn1crypto:238  - Verifying the attached certificate is signed by the issuer. Valid Not After: 2023-04-15 00:00:00+00:00
2023-03-27 22:47:53,960 (23411/MainThread) snowflake.connector.ocsp_asn1crypto DEBUG ocsp_asn1crypto:238  - Verifying the attached certificate is signed by the issuer. Valid Not After: 2025-05-12 23:58:59+00:00
2023-03-27 22:47:53,961 (23411/MainThread) snowflake.connector.ocsp_asn1crypto DEBUG ocsp_asn1crypto:238  - Verifying the attached certificate is signed by the issuer. Valid Not After: 2025-05-12 23:58:59+00:00
2023-03-27 22:47:53,966 (23411/MainThread) snowflake.connector.ocsp_asn1crypto DEBUG ocsp_asn1crypto:238  - Verifying the attached certificate is signed by the issuer. Valid Not After: 2025-09-15 19:41:06+00:00
2023-03-27 22:47:53,967 (23411/MainThread) snowflake.connector.ocsp_asn1crypto DEBUG ocsp_asn1crypto:238  - Verifying the attached certificate is signed by the issuer. Valid Not After: 2025-09-15 19:41:06+00:00
2023-03-27 22:47:53,970 (23411/MainThread) snowflake.connector.ocsp_asn1crypto DEBUG ocsp_asn1crypto:238  - Verifying the attached certificate is signed by the issuer. Valid Not After: 2023-06-22 07:00:00+00:00
2023-03-27 22:47:53,971 (23411/MainThread) snowflake.connector.ocsp_asn1crypto DEBUG ocsp_asn1crypto:238  - Verifying the attached certificate is signed by the issuer. Valid Not After: 2024-01-12 23:13:30+00:00
2023-03-27 22:47:53,972 (23411/MainThread) snowflake.connector.ocsp_asn1crypto DEBUG ocsp_asn1crypto:238  - Verifying the attached certificate is signed by the issuer. Valid Not After: 2024-01-12 23:13:30+00:00
2023-03-27 22:47:53,973 (23411/MainThread) snowflake.connector.ocsp_asn1crypto DEBUG ocsp_asn1crypto:238  - Verifying the attached certificate is signed by the issuer. Valid Not After: 2024-01-12 23:13:30+00:00
2023-03-27 22:47:53,974 (23411/MainThread) snowflake.connector.ocsp_asn1crypto DEBUG ocsp_asn1crypto:238  - Verifying the attached certificate is signed by the issuer. Valid Not After: 2024-01-12 20:33:17+00:00
2023-03-27 22:47:53,975 (23411/MainThread) snowflake.connector.ocsp_asn1crypto DEBUG ocsp_asn1crypto:238  - Verifying the attached certificate is signed by the issuer. Valid Not After: 2024-01-12 23:13:30+00:00
2023-03-27 22:47:53,976 (23411/MainThread) snowflake.connector.ocsp_asn1crypto DEBUG ocsp_asn1crypto:238  - Verifying the attached certificate is signed by the issuer. Valid Not After: 2024-01-12 20:33:17+00:00
2023-03-27 22:47:53,977 (23411/MainThread) snowflake.connector.ocsp_asn1crypto DEBUG ocsp_asn1crypto:238  - Verifying the attached certificate is signed by the issuer. Valid Not After: 2024-01-12 20:33:17+00:00
2023-03-27 22:47:53,978 (23411/MainThread) snowflake.connector.ocsp_asn1crypto DEBUG ocsp_asn1crypto:238  - Verifying the attached certificate is signed by the issuer. Valid Not After: 2024-01-12 20:33:17+00:00
2023-03-27 22:47:53,978 (23411/MainThread) snowflake.connector.ocsp_asn1crypto DEBUG ocsp_asn1crypto:238  - Verifying the attached certificate is signed by the issuer. Valid Not After: 2024-01-12 23:13:30+00:00
2023-03-27 22:47:53,979 (23411/MainThread) snowflake.connector.ocsp_asn1crypto DEBUG ocsp_asn1crypto:238  - Verifying the attached certificate is signed by the issuer. Valid Not After: 2024-01-12 20:33:17+00:00
2023-03-27 22:47:53,980 (23411/MainThread) snowflake.connector.ocsp_asn1crypto DEBUG ocsp_asn1crypto:238  - Verifying the attached certificate is signed by the issuer. Valid Not After: 2024-01-12 20:33:17+00:00
2023-03-27 22:47:53,981 (23411/MainThread) snowflake.connector.ocsp_asn1crypto DEBUG ocsp_asn1crypto:238  - Verifying the attached certificate is signed by the issuer. Valid Not After: 2024-01-12 20:33:17+00:00
2023-03-27 22:47:53,982 (23411/MainThread) snowflake.connector.ocsp_asn1crypto DEBUG ocsp_asn1crypto:238  - Verifying the attached certificate is signed by the issuer. Valid Not After: 2024-01-12 23:13:30+00:00
2023-03-27 22:47:53,983 (23411/MainThread) snowflake.connector.ocsp_asn1crypto DEBUG ocsp_asn1crypto:238  - Verifying the attached certificate is signed by the issuer. Valid Not After: 2024-01-12 23:13:30+00:00
2023-03-27 22:47:53,984 (23411/MainThread) snowflake.connector.ocsp_asn1crypto DEBUG ocsp_asn1crypto:238  - Verifying the attached certificate is signed by the issuer. Valid Not After: 2024-01-12 23:13:30+00:00
2023-03-27 22:47:53,985 (23411/MainThread) snowflake.connector.ocsp_asn1crypto DEBUG ocsp_asn1crypto:238  - Verifying the attached certificate is signed by the issuer. Valid Not After: 2024-01-12 23:13:30+00:00
2023-03-27 22:47:53,987 (23411/MainThread) snowflake.connector.ocsp_asn1crypto DEBUG ocsp_asn1crypto:238  - Verifying the attached certificate is signed by the issuer. Valid Not After: 2024-01-12 20:33:17+00:00
2023-03-27 22:47:53,994 (23411/MainThread) snowflake.connector.ocsp_asn1crypto DEBUG ocsp_asn1crypto:238  - Verifying the attached certificate is signed by the issuer. Valid Not After: 2023-04-01 15:50:16+00:00
2023-03-27 22:47:54,002 (23411/MainThread) snowflake.connector.ocsp_asn1crypto DEBUG ocsp_asn1crypto:238  - Verifying the attached certificate is signed by the issuer. Valid Not After: 2024-01-12 23:13:30+00:00
2023-03-27 22:47:54,003 (23411/MainThread) snowflake.connector.ocsp_asn1crypto DEBUG ocsp_asn1crypto:238  - Verifying the attached certificate is signed by the issuer. Valid Not After: 2024-01-12 23:13:30+00:00
2023-03-27 22:47:54,004 (23411/MainThread) snowflake.connector.ocsp_asn1crypto DEBUG ocsp_asn1crypto:238  - Verifying the attached certificate is signed by the issuer. Valid Not After: 2024-01-12 23:13:30+00:00
2023-03-27 22:47:54,005 (23411/MainThread) snowflake.connector.ocsp_asn1crypto DEBUG ocsp_asn1crypto:238  - Verifying the attached certificate is signed by the issuer. Valid Not After: 2024-01-12 20:33:17+00:00
2023-03-27 22:47:54,006 (23411/MainThread) snowflake.connector.ocsp_asn1crypto DEBUG ocsp_asn1crypto:238  - Verifying the attached certificate is signed by the issuer. Valid Not After: 2024-01-12 20:33:17+00:00
2023-03-27 22:47:54,007 (23411/MainThread) snowflake.connector.ocsp_asn1crypto DEBUG ocsp_asn1crypto:238  - Verifying the attached certificate is signed by the issuer. Valid Not After: 2024-01-12 20:33:17+00:00
2023-03-27 22:47:54,008 (23411/MainThread) snowflake.connector.ocsp_asn1crypto DEBUG ocsp_asn1crypto:238  - Verifying the attached certificate is signed by the issuer. Valid Not After: 2024-01-12 20:33:17+00:00
2023-03-27 22:47:54,009 (23411/MainThread) snowflake.connector.ocsp_asn1crypto DEBUG ocsp_asn1crypto:238  - Verifying the attached certificate is signed by the issuer. Valid Not After: 2024-01-12 20:33:17+00:00
2023-03-27 22:47:54,010 (23411/MainThread) snowflake.connector.ocsp_asn1crypto DEBUG ocsp_asn1crypto:238  - Verifying the attached certificate is signed by the issuer. Valid Not After: 2024-01-12 20:33:17+00:00
2023-03-27 22:47:54,011 (23411/MainThread) snowflake.connector.ocsp_asn1crypto DEBUG ocsp_asn1crypto:238  - Verifying the attached certificate is signed by the issuer. Valid Not After: 2024-01-12 20:33:17+00:00
2023-03-27 22:47:54,012 (23411/MainThread) snowflake.connector.ocsp_asn1crypto DEBUG ocsp_asn1crypto:238  - Verifying the attached certificate is signed by the issuer. Valid Not After: 2024-01-12 20:33:17+00:00
2023-03-27 22:47:54,013 (23411/MainThread) snowflake.connector.ocsp_asn1crypto DEBUG ocsp_asn1crypto:238  - Verifying the attached certificate is signed by the issuer. Valid Not After: 2024-01-12 20:33:17+00:00
2023-03-27 22:47:54,014 (23411/MainThread) snowflake.connector.ocsp_asn1crypto DEBUG ocsp_asn1crypto:238  - Verifying the attached certificate is signed by the issuer. Valid Not After: 2024-01-12 23:13:30+00:00
2023-03-27 22:47:54,014 (23411/MainThread) snowflake.connector.ocsp_asn1crypto DEBUG ocsp_asn1crypto:238  - Verifying the attached certificate is signed by the issuer. Valid Not After: 2024-01-12 23:13:30+00:00
2023-03-27 22:47:54,015 (23411/MainThread) snowflake.connector.ocsp_asn1crypto DEBUG ocsp_asn1crypto:238  - Verifying the attached certificate is signed by the issuer. Valid Not After: 2024-01-12 23:13:30+00:00
2023-03-27 22:47:54,016 (23411/MainThread) snowflake.connector.ocsp_asn1crypto DEBUG ocsp_asn1crypto:238  - Verifying the attached certificate is signed by the issuer. Valid Not After: 2024-01-12 23:13:30+00:00
2023-03-27 22:47:54,017 (23411/MainThread) snowflake.connector.ocsp_asn1crypto DEBUG ocsp_asn1crypto:238  - Verifying the attached certificate is signed by the issuer. Valid Not After: 2024-01-12 20:33:17+00:00
2023-03-27 22:47:54,018 (23411/MainThread) snowflake.connector.ocsp_asn1crypto DEBUG ocsp_asn1crypto:238  - Verifying the attached certificate is signed by the issuer. Valid Not After: 2024-01-12 23:13:30+00:00
2023-03-27 22:47:54,019 (23411/MainThread) snowflake.connector.ocsp_asn1crypto DEBUG ocsp_asn1crypto:238  - Verifying the attached certificate is signed by the issuer. Valid Not After: 2024-01-12 23:13:30+00:00
2023-03-27 22:47:54,020 (23411/MainThread) snowflake.connector.ocsp_asn1crypto DEBUG ocsp_asn1crypto:238  - Verifying the attached certificate is signed by the issuer. Valid Not After: 2024-01-12 23:13:30+00:00
2023-03-27 22:47:54,020 (23411/MainThread) snowflake.connector.ocsp_snowflake DEBUG ocsp_snowflake:593  - Read OCSP response cache file: /Users/james/Library/Caches/Snowflake/ocsp_response_cache.json, count=219
2023-03-27 22:47:54,021 (23411/MainThread) snowflake.connector.ocsp_snowflake DEBUG ocsp_snowflake:1126 - validating certificate: uwa35792.snowflakecomputing.com
2023-03-27 22:47:54,021 (23411/MainThread) snowflake.connector.ocsp_asn1crypto DEBUG ocsp_asn1crypto:439  - # of certificates: 4
2023-03-27 22:47:54,021 (23411/MainThread) snowflake.connector.ocsp_asn1crypto DEBUG ocsp_asn1crypto:444  - subject: OrderedDict([('common_name', '*.us-west-2.snowflakecomputing.com')]), issuer: OrderedDict([('country_name', 'US'), ('organization_name', 'Amazon'), ('common_name', 'Amazon RSA 2048 M01')])
2023-03-27 22:47:54,022 (23411/MainThread) snowflake.connector.ocsp_asn1crypto DEBUG ocsp_asn1crypto:444  - subject: OrderedDict([('country_name', 'US'), ('organization_name', 'Amazon'), ('common_name', 'Amazon RSA 2048 M01')]), issuer: OrderedDict([('country_name', 'US'), ('organization_name', 'Amazon'), ('common_name', 'Amazon Root CA 1')])
2023-03-27 22:47:54,022 (23411/MainThread) snowflake.connector.ocsp_asn1crypto DEBUG ocsp_asn1crypto:444  - subject: OrderedDict([('country_name', 'US'), ('organization_name', 'Amazon'), ('common_name', 'Amazon Root CA 1')]), issuer: OrderedDict([('country_name', 'US'), ('state_or_province_name', 'Arizona'), ('locality_name', 'Scottsdale'), ('organization_name', 'Starfield Technologies, Inc.'), ('common_name', 'Starfield Services Root Certificate Authority - G2')])
2023-03-27 22:47:54,023 (23411/MainThread) snowflake.connector.ocsp_asn1crypto DEBUG ocsp_asn1crypto:444  - subject: OrderedDict([('country_name', 'US'), ('state_or_province_name', 'Arizona'), ('locality_name', 'Scottsdale'), ('organization_name', 'Starfield Technologies, Inc.'), ('common_name', 'Starfield Services Root Certificate Authority - G2')]), issuer: OrderedDict([('country_name', 'US'), ('organization_name', 'Starfield Technologies, Inc.'), ('organizational_unit_name', 'Starfield Class 2 Certification Authority')])
2023-03-27 22:47:54,024 (23411/MainThread) snowflake.connector.ocsp_asn1crypto DEBUG ocsp_asn1crypto:123  - reading certificate bundle: /var/folders/nx/j12_90_x7dg085j4zfp0_g840000gn/T/_MEISX7RyW/certifi/cacert.pem
2023-03-27 22:47:54,034 (23411/MainThread) snowflake.connector.ocsp_asn1crypto DEBUG ocsp_asn1crypto:465  - not found issuer_der: OrderedDict([('country_name', 'US'), ('organization_name', 'Starfield Technologies, Inc.'), ('organizational_unit_name', 'Starfield Class 2 Certification Authority')])
2023-03-27 22:47:54,035 (23411/MainThread) snowflake.connector.ocsp_snowflake DEBUG ocsp_snowflake:733  - hit cache for subject: OrderedDict([('common_name', '*.us-west-2.snowflakecomputing.com')])
2023-03-27 22:47:54,036 (23411/MainThread) snowflake.connector.ocsp_asn1crypto DEBUG ocsp_asn1crypto:238  - Verifying the attached certificate is signed by the issuer. Valid Not After: 2025-09-15 19:41:06+00:00
2023-03-27 22:47:54,036 (23411/MainThread) snowflake.connector.ocsp_snowflake DEBUG ocsp_snowflake:733  - hit cache for subject: OrderedDict([('country_name', 'US'), ('organization_name', 'Amazon'), ('common_name', 'Amazon RSA 2048 M01')])
2023-03-27 22:47:54,038 (23411/MainThread) snowflake.connector.ocsp_asn1crypto DEBUG ocsp_asn1crypto:238  - Verifying the attached certificate is signed by the issuer. Valid Not After: 2025-09-15 19:45:34+00:00
2023-03-27 22:47:54,038 (23411/MainThread) snowflake.connector.ocsp_snowflake DEBUG ocsp_snowflake:733  - hit cache for subject: OrderedDict([('country_name', 'US'), ('organization_name', 'Amazon'), ('common_name', 'Amazon Root CA 1')])
2023-03-27 22:47:54,039 (23411/MainThread) snowflake.connector.ocsp_asn1crypto DEBUG ocsp_asn1crypto:238  - Verifying the attached certificate is signed by the issuer. Valid Not After: 2023-06-22 07:00:00+00:00
2023-03-27 22:47:54,039 (23411/MainThread) snowflake.connector.ocsp_snowflake DEBUG ocsp_snowflake:733  - hit cache for subject: OrderedDict([('country_name', 'US'), ('state_or_province_name', 'Arizona'), ('locality_name', 'Scottsdale'), ('organization_name', 'Starfield Technologies, Inc.'), ('common_name', 'Starfield Services Root Certificate Authority - G2')])
2023-03-27 22:47:54,041 (23411/MainThread) snowflake.connector.ocsp_snowflake DEBUG ocsp_snowflake:655  - writing OCSP response cache file to /Users/james/Library/Caches/Snowflake/ocsp_response_cache.json
2023-03-27 22:47:54,042 (23411/MainThread) snowflake.connector.ocsp_snowflake DEBUG ocsp_snowflake:1802 - encoding OCSP response cache to JSON
2023-03-27 22:47:54,061 (23411/MainThread) snowflake.connector.ocsp_snowflake DEBUG ocsp_snowflake:1183 - ok
2023-03-27 22:47:54,454 (23411/MainThread) snowflake.connector.vendored.urllib3.connectionpool DEBUG connectionpool:456  - https://uwa35792.snowflakecomputing.com:443 "POST /session/v1/login-request?request_id=2a164ca3-9a93-4649-ada3-1c3a6a637636&databaseName=VENTACITY&schemaName=UBX&warehouse=COMPUTE_WH&roleName=-1&request_guid=282fe992-09c9-476e-823c-7ed07f4ef010 HTTP/1.1" 200 331
2023-03-27 22:47:54,458 (23411/MainThread) snowflake.connector.network DEBUG        network:1032 - SUCCESS
2023-03-27 22:47:54,459 (23411/MainThread) snowflake.connector.network DEBUG        network:1152 - Session status for SessionPool 'uwa35792.snowflakecomputing.com', SessionPool 0/1 active sessions
2023-03-27 22:47:54,459 (23411/MainThread) snowflake.connector.network DEBUG        network:715  - ret[code] = 390189, after post request
2023-03-27 22:47:54,459 (23411/MainThread) snowflake.connector.auth DEBUG           auth:373  - completed authentication
2023-03-27 22:47:54,461 (23411/MainThread) __main__ ERROR      eventloop:557  - Database connection failed: 250001 (08001): None: Failed to connect to DB: uwa35792.snowflakecomputing.com:443. Role '-1' specified in the connect string does not exist or not authorized. Contact your local system administrator, or attempt to login with another role, e.g. PUBLIC..
Traceback (most recent call last):
  File "eventloop.py", line 521, in connect
  File "sqlexecute.py", line 280, in push_connection
  File "__init__.py", line 51, in Connect
  File "connection.py", line 297, in __init__
  File "connection.py", line 550, in connect
  File "connection.py", line 789, in __open_connection
  File "connection.py", line 1052, in _authenticate
  File "connection.py", line 1072, in __authenticate
  File "auth.py", line 399, in authenticate
  File "errors.py", line 275, in errorhandler_wrapper
  File "errors.py", line 333, in hand_to_other_handler
  File "errors.py", line 209, in default_errorhandler
snowflake.connector.errors.DatabaseError: 250001 (08001): None: Failed to connect to DB: uwa35792.snowflakecomputing.com:443. Role '-1' specified in the connect string does not exist or not authorized. Contact your local system administrator, or attempt to login with another role, e.g. PUBLIC.
2023-03-27 22:47:54,464 (23411/MainThread) __main__ INFO      eventloop:577  - rollback
2023-03-27 22:47:54,464 (23411/MainThread) snowflake.cli.sqlexecute INFO     sqlexecute:392  - rollback
2023-03-27 22:47:54,464 (23411/MainThread) __main__ ERROR      eventloop:1255 - 250001 (08001): None: Failed to connect to DB: uwa35792.snowflakecomputing.com:443. Role '-1' specified in the connect string does not exist or not authorized. Contact your local system administrator, or attempt to login with another role, e.g. PUBLIC.
Traceback (most recent call last):
  File "eventloop.py", line 1151, in cli
  File "eventloop.py", line 564, in connect
  File "eventloop.py", line 521, in connect
  File "sqlexecute.py", line 280, in push_connection
  File "__init__.py", line 51, in Connect
  File "connection.py", line 297, in __init__
  File "connection.py", line 550, in connect
  File "connection.py", line 789, in __open_connection
  File "connection.py", line 1052, in _authenticate
  File "connection.py", line 1072, in __authenticate
  File "auth.py", line 399, in authenticate
  File "errors.py", line 275, in errorhandler_wrapper
  File "errors.py", line 333, in hand_to_other_handler
  File "errors.py", line 209, in default_errorhandler
snowflake.connector.errors.DatabaseError: 250001 (08001): None: Failed to connect to DB: uwa35792.snowflakecomputing.com:443. Role '-1' specified in the connect string does not exist or not authorized. Contact your local system administrator, or attempt to login with another role, e.g. PUBLIC.
2023-03-27 22:47:54,466 (23411/MainThread) __main__ DEBUG      eventloop:591  - closing sessions
2023-03-27 22:47:54,466 (23411/MainThread) snowflake.cli.sqlexecute DEBUG     sqlexecute:373  - closing connections
2023-03-27 22:47:54,467 (23411/MainThread) snowflake.cli.sqlexecute DEBUG     sqlexecute:340  - joining async exec
2023-03-27 22:47:54,467 (23411/MainThread) snowflake.cli.sqlexecute DEBUG     sqlexecute:348  - waiting for async exec to finish...
2023-03-27 22:47:54,468 (23411/MainThread) snowflake.cli.sqlexecute DEBUG     sqlexecute:365  - all async queries finished.
2023-03-27 22:47:54,491 (23411/MainThread) snowflake.connector.connection INFO     connection:565  - closed
2023-03-27 22:47:54,491 (23411/MainThread) snowflake.connector.connection DEBUG     connection:581  - Exception encountered in closing connection. ignoring...: 'SnowflakeConnection' object has no attribute '_telemetry'
